{"level":"error","message":"Internal Server Error TypeError: Cannot read properties of null (reading 'toString')","service":"user-service"}
{"level":"error","message":"Internal Server Error TypeError: Cannot read properties of null (reading 'toString')","service":"user-service"}
{"level":"error","message":"Internal Server Error TypeError: Cannot read properties of null (reading 'toString')","service":"user-service"}
{"level":"error","message":"Internal Server Error TypeError: Cannot read properties of null (reading 'toString')","service":"user-service"}
{"level":"error","message":"Internal Server Error TypeError: Cannot read properties of null (reading 'toString')","service":"user-service"}
{"level":"error","message":"Internal Server Error TypeError: Cannot read properties of null (reading 'toString')","service":"user-service"}
{"level":"error","message":"Internal Server Error TypeError: Cannot read properties of null (reading 'toString')","service":"user-service"}
{"level":"error","message":"Internal Server Error TypeError: Cannot read properties of null (reading 'toString')","service":"user-service"}
{"level":"error","message":"Internal Server Error: TypeError: Cannot read properties of null (reading 'toString')","service":"user-service"}
{"level":"error","message":"Internal Server Error: TypeError: Cannot read properties of null (reading 'toString')","service":"user-service"}
{"level":"error","message":"Internal Server Error: TypeError: Cannot read properties of null (reading 'toString')","service":"user-service"}
{"level":"error","message":"Internal Server Error: Error: exception","service":"user-service"}
{"level":"error","message":"Internal Server Error: Error: exception","service":"user-service"}
{"level":"error","message":"Internal Server Error: Error: exception","service":"user-service"}
{"level":"error","message":"Internal Server Error: Error: exception","service":"user-service"}
{"level":"error","message":"Internal Server Error: Error [ERR_HTTP_HEADERS_SENT]: Cannot set headers after they are sent to the client","service":"user-service"}
{"level":"error","message":"Internal Server Error: [object Object],[object Object]","service":"user-service"}
{"level":"error","message":"Internal Server Error: [object Object],[object Object]","service":"user-service"}
{"level":"error","message":"Internal Server Error: [object Object],[object Object]","service":"user-service"}
{"level":"error","message":"Internal Server Error: [object Object],[object Object]","service":"user-service"}
{"level":"error","message":"Internal Server Error: [object Object],[object Object]","service":"user-service"}
{"level":"error","message":"Internal Server Error: [object Object],[object Object]","service":"user-service"}
{"level":"error","message":"Internal Server Error: [object Object],[object Object]","service":"user-service"}
{"level":"error","message":"Internal Server Error: [object Object],[object Object]","service":"user-service"}
